<?xml version="1.0" encoding="UTF-8"?>
<!-- Generated by org.testng.reporters.JUnitXMLReporter -->
<testsuite ignored="0" hostname="himanshu-Inspiron-3542" failures="0" tests="6" name="Default test" time="116.409" errors="0" timestamp="2024-10-06T16:06:31 IST">
  <testcase classname="hybridApp.KhanAcademy_APP" name="explore" time="18.507"/>
  <testcase classname="hybridApp.KhanAcademy_APP" name="bookmarks" time="32.131"/>
  <testcase classname="hybridApp.KhanAcademy_APP" name="computerScience" time="3.155"/>
  <testcase classname="hybridApp.KhanAcademy_APP" name="checkallBookmarks" time="9.647"/>
  <testcase classname="hybridApp.KhanAcademy_APP" name="clearallBookmarks" time="7.07"/>
  <testcase classname="hybridApp.KhanAcademy_APP" name="lifeSkills" time="26.126"/>
</testsuite> <!-- Default test -->
