<?xml version="1.0" encoding="UTF-8"?>
<!-- Generated by org.testng.reporters.JUnitXMLReporter -->
<testsuite ignored="0" hostname="himanshu-Inspiron-3542" failures="0" tests="8" name="Default test" time="18.528" errors="0" timestamp="2024-10-06T23:18:57 IST">
  <testcase classname="api_testing.SwaggerPetstoreApi" name="createlistofUsers" time="3.809"/>
  <testcase classname="api_testing.SwaggerPetstoreApi" name="getuserbyUserName" time="2.293"/>
  <testcase classname="api_testing.SwaggerPetstoreApi" name="updatedUser" time="2.614"/>
  <testcase classname="api_testing.SwaggerPetstoreApi" name="deleteUser" time="2.505"/>
  <testcase classname="api_testing.SwaggerPetstoreApi" name="logsuserIntoTheSystem" time="3.229"/>
  <testcase classname="api_testing.SwaggerPetstoreApi" name="logsoutCurrentLoggedInUserSession" time="1.265"/>
  <testcase classname="api_testing.SwaggerPetstoreApi" name="createsListOfUsersWithgivenInputArray" time="1.334"/>
  <testcase classname="api_testing.SwaggerPetstoreApi" name="createUser" time="1.368"/>
</testsuite> <!-- Default test -->
