<?xml version="1.0" encoding="UTF-8"?>
<testng-results ignored="0" total="8" passed="8" failed="0" skipped="0">
  <reporter-output>
  </reporter-output>
  <suite started-at="2024-10-06T23:18:39 IST" name="Default suite" finished-at="2024-10-06T23:18:57 IST" duration-ms="18528">
    <groups>
    </groups>
    <test started-at="2024-10-06T23:18:39 IST" name="Default test" finished-at="2024-10-06T23:18:57 IST" duration-ms="18528">
      <class name="api_testing.SwaggerPetstoreApi">
        <test-method signature="createlistofUsers()[pri:1, instance:api_testing.SwaggerPetstoreApi@7c711375]" started-at="2024-10-06T23:18:39 IST" name="createlistofUsers" finished-at="2024-10-06T23:18:43 IST" duration-ms="3809" status="PASS">
          <reporter-output>
          </reporter-output>
        </test-method> <!-- createlistofUsers -->
        <test-method signature="getuserbyUserName()[pri:2, instance:api_testing.SwaggerPetstoreApi@7c711375]" started-at="2024-10-06T23:18:43 IST" name="getuserbyUserName" finished-at="2024-10-06T23:18:45 IST" duration-ms="2293" status="PASS">
          <reporter-output>
          </reporter-output>
        </test-method> <!-- getuserbyUserName -->
        <test-method signature="updatedUser()[pri:3, instance:api_testing.SwaggerPetstoreApi@7c711375]" started-at="2024-10-06T23:18:45 IST" name="updatedUser" finished-at="2024-10-06T23:18:48 IST" duration-ms="2614" status="PASS">
          <reporter-output>
          </reporter-output>
        </test-method> <!-- updatedUser -->
        <test-method signature="deleteUser()[pri:4, instance:api_testing.SwaggerPetstoreApi@7c711375]" started-at="2024-10-06T23:18:48 IST" name="deleteUser" finished-at="2024-10-06T23:18:50 IST" duration-ms="2505" status="PASS">
          <reporter-output>
          </reporter-output>
        </test-method> <!-- deleteUser -->
        <test-method signature="logsuserIntoTheSystem()[pri:5, instance:api_testing.SwaggerPetstoreApi@7c711375]" started-at="2024-10-06T23:18:50 IST" name="logsuserIntoTheSystem" finished-at="2024-10-06T23:18:53 IST" duration-ms="3229" status="PASS">
          <reporter-output>
          </reporter-output>
        </test-method> <!-- logsuserIntoTheSystem -->
        <test-method signature="logsoutCurrentLoggedInUserSession()[pri:6, instance:api_testing.SwaggerPetstoreApi@7c711375]" started-at="2024-10-06T23:18:53 IST" name="logsoutCurrentLoggedInUserSession" finished-at="2024-10-06T23:18:55 IST" duration-ms="1265" status="PASS">
          <reporter-output>
          </reporter-output>
        </test-method> <!-- logsoutCurrentLoggedInUserSession -->
        <test-method signature="createsListOfUsersWithgivenInputArray()[pri:7, instance:api_testing.SwaggerPetstoreApi@7c711375]" started-at="2024-10-06T23:18:55 IST" name="createsListOfUsersWithgivenInputArray" finished-at="2024-10-06T23:18:56 IST" duration-ms="1334" status="PASS">
          <reporter-output>
          </reporter-output>
        </test-method> <!-- createsListOfUsersWithgivenInputArray -->
        <test-method signature="createUser()[pri:8, instance:api_testing.SwaggerPetstoreApi@7c711375]" started-at="2024-10-06T23:18:56 IST" name="createUser" finished-at="2024-10-06T23:18:57 IST" duration-ms="1368" status="PASS">
          <reporter-output>
          </reporter-output>
        </test-method> <!-- createUser -->
      </class> <!-- api_testing.SwaggerPetstoreApi -->
    </test> <!-- Default test -->
  </suite> <!-- Default suite -->
</testng-results>
